Determining if the include file pthread.h exists failed with the following output:
Change Dir: D:/Project/rwkv.cpp/CMakeFiles/CMakeTmp

Run Build Command(s):C:/Program Files (x86)/Microsoft Visual Studio/2022/BuildTools/MSBuild/Current/Bin/amd64/MSBuild.exe cmTC_8a3d9.vcxproj /p:Configuration=Debug /p:Platform=x64 /p:VisualStudioVersion=17.0 /v:m && 适用于 .NET Framework MSBuild 版本 17.9.8+b34f75857

  Microsoft (R) C/C++ Optimizing Compiler Version 19.39.33523 for x64
  Copyright (C) Microsoft Corporation.  All rights reserved.
  cl /c /Zi /W3 /WX- /diagnostics:column /Od /Ob0 /D _MBCS /D WIN32 /D _WINDOWS /D "CMAKE_INTDIR=\"Debug\"" /Gm- /RTC1 /MDd /GS /fp:precise /Zc:wchar_t /Zc:forScope /Zc:inline /std:c11 /Fo"cmTC_8a3d9.dir\Debug\\" /Fd"cmTC_8a3d9.dir\Debug\vc143.pdb" /external:W3 /Gd /TC /errorReport:queue D:\Project\rwkv.cpp\CMakeFiles\CMakeTmp\CheckIncludeFile.c
  CheckIncludeFile.c
D:\Project\rwkv.cpp\CMakeFiles\CMakeTmp\CheckIncludeFile.c(1,1): error C1083: Cannot open include file: 'pthread.h': No such file or directory [D:\Project\rwkv.cpp\CMakeFiles\CMakeTmp\cmTC_8a3d9.vcxproj]



Compiling the C compiler identification source file "CMakeCCompilerId.c" failed.
Compiler: CMAKE_C_COMPILER-NOTFOUND 
Build flags: 
Id flags:  

The output was:
系统找不到指定的文件。


Compiling the C compiler identification source file "CMakeCCompilerId.c" failed.
Compiler: CMAKE_C_COMPILER-NOTFOUND 
Build flags: 
Id flags: -c 

The output was:
系统找不到指定的文件。


Compiling the C compiler identification source file "CMakeCCompilerId.c" failed.
Compiler: CMAKE_C_COMPILER-NOTFOUND 
Build flags: 
Id flags: -Aa 

The output was:
系统找不到指定的文件。


Compiling the C compiler identification source file "CMakeCCompilerId.c" failed.
Compiler: CMAKE_C_COMPILER-NOTFOUND 
Build flags: 
Id flags: -D__CLASSIC_C__ 

The output was:
系统找不到指定的文件。


Compiling the C compiler identification source file "CMakeCCompilerId.c" failed.
Compiler: CMAKE_C_COMPILER-NOTFOUND 
Build flags: 
Id flags: --target=arm-arm-none-eabi;-mcpu=cortex-m3 

The output was:
系统找不到指定的文件。


Compiling the C compiler identification source file "CMakeCCompilerId.c" failed.
Compiler: CMAKE_C_COMPILER-NOTFOUND 
Build flags: 
Id flags: -c;-I__does_not_exist__ 

The output was:
系统找不到指定的文件。


Compiling the C compiler identification source file "CMakeCCompilerId.c" failed.
Compiler: CMAKE_C_COMPILER-NOTFOUND 
Build flags: 
Id flags:  

The output was:
系统找不到指定的文件。


Compiling the C compiler identification source file "CMakeCCompilerId.c" failed.
Compiler: CMAKE_C_COMPILER-NOTFOUND 
Build flags: 
Id flags: -c 

The output was:
系统找不到指定的文件。


Compiling the C compiler identification source file "CMakeCCompilerId.c" failed.
Compiler: CMAKE_C_COMPILER-NOTFOUND 
Build flags: 
Id flags: -Aa 

The output was:
系统找不到指定的文件。


Compiling the C compiler identification source file "CMakeCCompilerId.c" failed.
Compiler: CMAKE_C_COMPILER-NOTFOUND 
Build flags: 
Id flags: -D__CLASSIC_C__ 

The output was:
系统找不到指定的文件。


Compiling the C compiler identification source file "CMakeCCompilerId.c" failed.
Compiler: CMAKE_C_COMPILER-NOTFOUND 
Build flags: 
Id flags: --target=arm-arm-none-eabi;-mcpu=cortex-m3 

The output was:
系统找不到指定的文件。


Compiling the C compiler identification source file "CMakeCCompilerId.c" failed.
Compiler: CMAKE_C_COMPILER-NOTFOUND 
Build flags: 
Id flags: -c;-I__does_not_exist__ 

The output was:
系统找不到指定的文件。


Compiling the CXX compiler identification source file "CMakeCXXCompilerId.cpp" failed.
Compiler: CMAKE_CXX_COMPILER-NOTFOUND 
Build flags: 
Id flags:  

The output was:
系统找不到指定的文件。


Compiling the CXX compiler identification source file "CMakeCXXCompilerId.cpp" failed.
Compiler: CMAKE_CXX_COMPILER-NOTFOUND 
Build flags: 
Id flags: -c 

The output was:
系统找不到指定的文件。


Compiling the CXX compiler identification source file "CMakeCXXCompilerId.cpp" failed.
Compiler: CMAKE_CXX_COMPILER-NOTFOUND 
Build flags: 
Id flags: --c++ 

The output was:
系统找不到指定的文件。


Compiling the CXX compiler identification source file "CMakeCXXCompilerId.cpp" failed.
Compiler: CMAKE_CXX_COMPILER-NOTFOUND 
Build flags: 
Id flags: --ec++ 

The output was:
系统找不到指定的文件。


Compiling the CXX compiler identification source file "CMakeCXXCompilerId.cpp" failed.
Compiler: CMAKE_CXX_COMPILER-NOTFOUND 
Build flags: 
Id flags: --target=arm-arm-none-eabi;-mcpu=cortex-m3 

The output was:
系统找不到指定的文件。


Compiling the CXX compiler identification source file "CMakeCXXCompilerId.cpp" failed.
Compiler: CMAKE_CXX_COMPILER-NOTFOUND 
Build flags: 
Id flags: -c;-I__does_not_exist__ 

The output was:
系统找不到指定的文件。


Compiling the CXX compiler identification source file "CMakeCXXCompilerId.cpp" failed.
Compiler: CMAKE_CXX_COMPILER-NOTFOUND 
Build flags: 
Id flags:  

The output was:
系统找不到指定的文件。


Compiling the CXX compiler identification source file "CMakeCXXCompilerId.cpp" failed.
Compiler: CMAKE_CXX_COMPILER-NOTFOUND 
Build flags: 
Id flags: -c 

The output was:
系统找不到指定的文件。


Compiling the CXX compiler identification source file "CMakeCXXCompilerId.cpp" failed.
Compiler: CMAKE_CXX_COMPILER-NOTFOUND 
Build flags: 
Id flags: --c++ 

The output was:
系统找不到指定的文件。


Compiling the CXX compiler identification source file "CMakeCXXCompilerId.cpp" failed.
Compiler: CMAKE_CXX_COMPILER-NOTFOUND 
Build flags: 
Id flags: --ec++ 

The output was:
系统找不到指定的文件。


Compiling the CXX compiler identification source file "CMakeCXXCompilerId.cpp" failed.
Compiler: CMAKE_CXX_COMPILER-NOTFOUND 
Build flags: 
Id flags: --target=arm-arm-none-eabi;-mcpu=cortex-m3 

The output was:
系统找不到指定的文件。


Compiling the CXX compiler identification source file "CMakeCXXCompilerId.cpp" failed.
Compiler: CMAKE_CXX_COMPILER-NOTFOUND 
Build flags: 
Id flags: -c;-I__does_not_exist__ 

The output was:
系统找不到指定的文件。


Compiling the C compiler identification source file "CMakeCCompilerId.c" failed.
Compiler: CMAKE_C_COMPILER-NOTFOUND 
Build flags: 
Id flags:  

The output was:
系统找不到指定的文件。


Compiling the C compiler identification source file "CMakeCCompilerId.c" failed.
Compiler: CMAKE_C_COMPILER-NOTFOUND 
Build flags: 
Id flags: -c 

The output was:
系统找不到指定的文件。


Compiling the C compiler identification source file "CMakeCCompilerId.c" failed.
Compiler: CMAKE_C_COMPILER-NOTFOUND 
Build flags: 
Id flags: -Aa 

The output was:
系统找不到指定的文件。


Compiling the C compiler identification source file "CMakeCCompilerId.c" failed.
Compiler: CMAKE_C_COMPILER-NOTFOUND 
Build flags: 
Id flags: -D__CLASSIC_C__ 

The output was:
系统找不到指定的文件。


Compiling the C compiler identification source file "CMakeCCompilerId.c" failed.
Compiler: CMAKE_C_COMPILER-NOTFOUND 
Build flags: 
Id flags: --target=arm-arm-none-eabi;-mcpu=cortex-m3 

The output was:
系统找不到指定的文件。


Compiling the C compiler identification source file "CMakeCCompilerId.c" failed.
Compiler: CMAKE_C_COMPILER-NOTFOUND 
Build flags: 
Id flags: -c;-I__does_not_exist__ 

The output was:
系统找不到指定的文件。


Compiling the C compiler identification source file "CMakeCCompilerId.c" failed.
Compiler: CMAKE_C_COMPILER-NOTFOUND 
Build flags: 
Id flags:  

The output was:
系统找不到指定的文件。


Compiling the C compiler identification source file "CMakeCCompilerId.c" failed.
Compiler: CMAKE_C_COMPILER-NOTFOUND 
Build flags: 
Id flags: -c 

The output was:
系统找不到指定的文件。


Compiling the C compiler identification source file "CMakeCCompilerId.c" failed.
Compiler: CMAKE_C_COMPILER-NOTFOUND 
Build flags: 
Id flags: -Aa 

The output was:
系统找不到指定的文件。


Compiling the C compiler identification source file "CMakeCCompilerId.c" failed.
Compiler: CMAKE_C_COMPILER-NOTFOUND 
Build flags: 
Id flags: -D__CLASSIC_C__ 

The output was:
系统找不到指定的文件。


Compiling the C compiler identification source file "CMakeCCompilerId.c" failed.
Compiler: CMAKE_C_COMPILER-NOTFOUND 
Build flags: 
Id flags: --target=arm-arm-none-eabi;-mcpu=cortex-m3 

The output was:
系统找不到指定的文件。


Compiling the C compiler identification source file "CMakeCCompilerId.c" failed.
Compiler: CMAKE_C_COMPILER-NOTFOUND 
Build flags: 
Id flags: -c;-I__does_not_exist__ 

The output was:
系统找不到指定的文件。


Compiling the CXX compiler identification source file "CMakeCXXCompilerId.cpp" failed.
Compiler: CMAKE_CXX_COMPILER-NOTFOUND 
Build flags: 
Id flags:  

The output was:
系统找不到指定的文件。


Compiling the CXX compiler identification source file "CMakeCXXCompilerId.cpp" failed.
Compiler: CMAKE_CXX_COMPILER-NOTFOUND 
Build flags: 
Id flags: -c 

The output was:
系统找不到指定的文件。


Compiling the CXX compiler identification source file "CMakeCXXCompilerId.cpp" failed.
Compiler: CMAKE_CXX_COMPILER-NOTFOUND 
Build flags: 
Id flags: --c++ 

The output was:
系统找不到指定的文件。


Compiling the CXX compiler identification source file "CMakeCXXCompilerId.cpp" failed.
Compiler: CMAKE_CXX_COMPILER-NOTFOUND 
Build flags: 
Id flags: --ec++ 

The output was:
系统找不到指定的文件。


Compiling the CXX compiler identification source file "CMakeCXXCompilerId.cpp" failed.
Compiler: CMAKE_CXX_COMPILER-NOTFOUND 
Build flags: 
Id flags: --target=arm-arm-none-eabi;-mcpu=cortex-m3 

The output was:
系统找不到指定的文件。


Compiling the CXX compiler identification source file "CMakeCXXCompilerId.cpp" failed.
Compiler: CMAKE_CXX_COMPILER-NOTFOUND 
Build flags: 
Id flags: -c;-I__does_not_exist__ 

The output was:
系统找不到指定的文件。


Compiling the CXX compiler identification source file "CMakeCXXCompilerId.cpp" failed.
Compiler: CMAKE_CXX_COMPILER-NOTFOUND 
Build flags: 
Id flags:  

The output was:
系统找不到指定的文件。


Compiling the CXX compiler identification source file "CMakeCXXCompilerId.cpp" failed.
Compiler: CMAKE_CXX_COMPILER-NOTFOUND 
Build flags: 
Id flags: -c 

The output was:
系统找不到指定的文件。


Compiling the CXX compiler identification source file "CMakeCXXCompilerId.cpp" failed.
Compiler: CMAKE_CXX_COMPILER-NOTFOUND 
Build flags: 
Id flags: --c++ 

The output was:
系统找不到指定的文件。


Compiling the CXX compiler identification source file "CMakeCXXCompilerId.cpp" failed.
Compiler: CMAKE_CXX_COMPILER-NOTFOUND 
Build flags: 
Id flags: --ec++ 

The output was:
系统找不到指定的文件。


Compiling the CXX compiler identification source file "CMakeCXXCompilerId.cpp" failed.
Compiler: CMAKE_CXX_COMPILER-NOTFOUND 
Build flags: 
Id flags: --target=arm-arm-none-eabi;-mcpu=cortex-m3 

The output was:
系统找不到指定的文件。


Compiling the CXX compiler identification source file "CMakeCXXCompilerId.cpp" failed.
Compiler: CMAKE_CXX_COMPILER-NOTFOUND 
Build flags: 
Id flags: -c;-I__does_not_exist__ 

The output was:
系统找不到指定的文件。


Compiling the C compiler identification source file "CMakeCCompilerId.c" failed.
Compiler: CMAKE_C_COMPILER-NOTFOUND 
Build flags: 
Id flags:  

The output was:
系统找不到指定的文件。


Compiling the C compiler identification source file "CMakeCCompilerId.c" failed.
Compiler: CMAKE_C_COMPILER-NOTFOUND 
Build flags: 
Id flags: -c 

The output was:
系统找不到指定的文件。


Compiling the C compiler identification source file "CMakeCCompilerId.c" failed.
Compiler: CMAKE_C_COMPILER-NOTFOUND 
Build flags: 
Id flags: -Aa 

The output was:
系统找不到指定的文件。


Compiling the C compiler identification source file "CMakeCCompilerId.c" failed.
Compiler: CMAKE_C_COMPILER-NOTFOUND 
Build flags: 
Id flags: -D__CLASSIC_C__ 

The output was:
系统找不到指定的文件。


Compiling the C compiler identification source file "CMakeCCompilerId.c" failed.
Compiler: CMAKE_C_COMPILER-NOTFOUND 
Build flags: 
Id flags: --target=arm-arm-none-eabi;-mcpu=cortex-m3 

The output was:
系统找不到指定的文件。


Compiling the C compiler identification source file "CMakeCCompilerId.c" failed.
Compiler: CMAKE_C_COMPILER-NOTFOUND 
Build flags: 
Id flags: -c;-I__does_not_exist__ 

The output was:
系统找不到指定的文件。


Compiling the C compiler identification source file "CMakeCCompilerId.c" failed.
Compiler: CMAKE_C_COMPILER-NOTFOUND 
Build flags: 
Id flags:  

The output was:
系统找不到指定的文件。


Compiling the C compiler identification source file "CMakeCCompilerId.c" failed.
Compiler: CMAKE_C_COMPILER-NOTFOUND 
Build flags: 
Id flags: -c 

The output was:
系统找不到指定的文件。


Compiling the C compiler identification source file "CMakeCCompilerId.c" failed.
Compiler: CMAKE_C_COMPILER-NOTFOUND 
Build flags: 
Id flags: -Aa 

The output was:
系统找不到指定的文件。


Compiling the C compiler identification source file "CMakeCCompilerId.c" failed.
Compiler: CMAKE_C_COMPILER-NOTFOUND 
Build flags: 
Id flags: -D__CLASSIC_C__ 

The output was:
系统找不到指定的文件。


Compiling the C compiler identification source file "CMakeCCompilerId.c" failed.
Compiler: CMAKE_C_COMPILER-NOTFOUND 
Build flags: 
Id flags: --target=arm-arm-none-eabi;-mcpu=cortex-m3 

The output was:
系统找不到指定的文件。


Compiling the C compiler identification source file "CMakeCCompilerId.c" failed.
Compiler: CMAKE_C_COMPILER-NOTFOUND 
Build flags: 
Id flags: -c;-I__does_not_exist__ 

The output was:
系统找不到指定的文件。


Compiling the CXX compiler identification source file "CMakeCXXCompilerId.cpp" failed.
Compiler: CMAKE_CXX_COMPILER-NOTFOUND 
Build flags: 
Id flags:  

The output was:
系统找不到指定的文件。


Compiling the CXX compiler identification source file "CMakeCXXCompilerId.cpp" failed.
Compiler: CMAKE_CXX_COMPILER-NOTFOUND 
Build flags: 
Id flags: -c 

The output was:
系统找不到指定的文件。


Compiling the CXX compiler identification source file "CMakeCXXCompilerId.cpp" failed.
Compiler: CMAKE_CXX_COMPILER-NOTFOUND 
Build flags: 
Id flags: --c++ 

The output was:
系统找不到指定的文件。


Compiling the CXX compiler identification source file "CMakeCXXCompilerId.cpp" failed.
Compiler: CMAKE_CXX_COMPILER-NOTFOUND 
Build flags: 
Id flags: --ec++ 

The output was:
系统找不到指定的文件。


Compiling the CXX compiler identification source file "CMakeCXXCompilerId.cpp" failed.
Compiler: CMAKE_CXX_COMPILER-NOTFOUND 
Build flags: 
Id flags: --target=arm-arm-none-eabi;-mcpu=cortex-m3 

The output was:
系统找不到指定的文件。


Compiling the CXX compiler identification source file "CMakeCXXCompilerId.cpp" failed.
Compiler: CMAKE_CXX_COMPILER-NOTFOUND 
Build flags: 
Id flags: -c;-I__does_not_exist__ 

The output was:
系统找不到指定的文件。


Compiling the CXX compiler identification source file "CMakeCXXCompilerId.cpp" failed.
Compiler: CMAKE_CXX_COMPILER-NOTFOUND 
Build flags: 
Id flags:  

The output was:
系统找不到指定的文件。


Compiling the CXX compiler identification source file "CMakeCXXCompilerId.cpp" failed.
Compiler: CMAKE_CXX_COMPILER-NOTFOUND 
Build flags: 
Id flags: -c 

The output was:
系统找不到指定的文件。


Compiling the CXX compiler identification source file "CMakeCXXCompilerId.cpp" failed.
Compiler: CMAKE_CXX_COMPILER-NOTFOUND 
Build flags: 
Id flags: --c++ 

The output was:
系统找不到指定的文件。


Compiling the CXX compiler identification source file "CMakeCXXCompilerId.cpp" failed.
Compiler: CMAKE_CXX_COMPILER-NOTFOUND 
Build flags: 
Id flags: --ec++ 

The output was:
系统找不到指定的文件。


Compiling the CXX compiler identification source file "CMakeCXXCompilerId.cpp" failed.
Compiler: CMAKE_CXX_COMPILER-NOTFOUND 
Build flags: 
Id flags: --target=arm-arm-none-eabi;-mcpu=cortex-m3 

The output was:
系统找不到指定的文件。


Compiling the CXX compiler identification source file "CMakeCXXCompilerId.cpp" failed.
Compiler: CMAKE_CXX_COMPILER-NOTFOUND 
Build flags: 
Id flags: -c;-I__does_not_exist__ 

The output was:
系统找不到指定的文件。


Compiling the C compiler identification source file "CMakeCCompilerId.c" failed.
Compiler: CMAKE_C_COMPILER-NOTFOUND 
Build flags: 
Id flags:  

The output was:
系统找不到指定的文件。


Compiling the C compiler identification source file "CMakeCCompilerId.c" failed.
Compiler: CMAKE_C_COMPILER-NOTFOUND 
Build flags: 
Id flags: -c 

The output was:
系统找不到指定的文件。


Compiling the C compiler identification source file "CMakeCCompilerId.c" failed.
Compiler: CMAKE_C_COMPILER-NOTFOUND 
Build flags: 
Id flags: -Aa 

The output was:
系统找不到指定的文件。


Compiling the C compiler identification source file "CMakeCCompilerId.c" failed.
Compiler: CMAKE_C_COMPILER-NOTFOUND 
Build flags: 
Id flags: -D__CLASSIC_C__ 

The output was:
系统找不到指定的文件。


Compiling the C compiler identification source file "CMakeCCompilerId.c" failed.
Compiler: CMAKE_C_COMPILER-NOTFOUND 
Build flags: 
Id flags: --target=arm-arm-none-eabi;-mcpu=cortex-m3 

The output was:
系统找不到指定的文件。


Compiling the C compiler identification source file "CMakeCCompilerId.c" failed.
Compiler: CMAKE_C_COMPILER-NOTFOUND 
Build flags: 
Id flags: -c;-I__does_not_exist__ 

The output was:
系统找不到指定的文件。


Compiling the C compiler identification source file "CMakeCCompilerId.c" failed.
Compiler: CMAKE_C_COMPILER-NOTFOUND 
Build flags: 
Id flags:  

The output was:
系统找不到指定的文件。


Compiling the C compiler identification source file "CMakeCCompilerId.c" failed.
Compiler: CMAKE_C_COMPILER-NOTFOUND 
Build flags: 
Id flags: -c 

The output was:
系统找不到指定的文件。


Compiling the C compiler identification source file "CMakeCCompilerId.c" failed.
Compiler: CMAKE_C_COMPILER-NOTFOUND 
Build flags: 
Id flags: -Aa 

The output was:
系统找不到指定的文件。


Compiling the C compiler identification source file "CMakeCCompilerId.c" failed.
Compiler: CMAKE_C_COMPILER-NOTFOUND 
Build flags: 
Id flags: -D__CLASSIC_C__ 

The output was:
系统找不到指定的文件。


Compiling the C compiler identification source file "CMakeCCompilerId.c" failed.
Compiler: CMAKE_C_COMPILER-NOTFOUND 
Build flags: 
Id flags: --target=arm-arm-none-eabi;-mcpu=cortex-m3 

The output was:
系统找不到指定的文件。


Compiling the C compiler identification source file "CMakeCCompilerId.c" failed.
Compiler: CMAKE_C_COMPILER-NOTFOUND 
Build flags: 
Id flags: -c;-I__does_not_exist__ 

The output was:
系统找不到指定的文件。


Compiling the CXX compiler identification source file "CMakeCXXCompilerId.cpp" failed.
Compiler: CMAKE_CXX_COMPILER-NOTFOUND 
Build flags: 
Id flags:  

The output was:
系统找不到指定的文件。


Compiling the CXX compiler identification source file "CMakeCXXCompilerId.cpp" failed.
Compiler: CMAKE_CXX_COMPILER-NOTFOUND 
Build flags: 
Id flags: -c 

The output was:
系统找不到指定的文件。


Compiling the CXX compiler identification source file "CMakeCXXCompilerId.cpp" failed.
Compiler: CMAKE_CXX_COMPILER-NOTFOUND 
Build flags: 
Id flags: --c++ 

The output was:
系统找不到指定的文件。


Compiling the CXX compiler identification source file "CMakeCXXCompilerId.cpp" failed.
Compiler: CMAKE_CXX_COMPILER-NOTFOUND 
Build flags: 
Id flags: --ec++ 

The output was:
系统找不到指定的文件。


Compiling the CXX compiler identification source file "CMakeCXXCompilerId.cpp" failed.
Compiler: CMAKE_CXX_COMPILER-NOTFOUND 
Build flags: 
Id flags: --target=arm-arm-none-eabi;-mcpu=cortex-m3 

The output was:
系统找不到指定的文件。


Compiling the CXX compiler identification source file "CMakeCXXCompilerId.cpp" failed.
Compiler: CMAKE_CXX_COMPILER-NOTFOUND 
Build flags: 
Id flags: -c;-I__does_not_exist__ 

The output was:
系统找不到指定的文件。


Compiling the CXX compiler identification source file "CMakeCXXCompilerId.cpp" failed.
Compiler: CMAKE_CXX_COMPILER-NOTFOUND 
Build flags: 
Id flags:  

The output was:
系统找不到指定的文件。


Compiling the CXX compiler identification source file "CMakeCXXCompilerId.cpp" failed.
Compiler: CMAKE_CXX_COMPILER-NOTFOUND 
Build flags: 
Id flags: -c 

The output was:
系统找不到指定的文件。


Compiling the CXX compiler identification source file "CMakeCXXCompilerId.cpp" failed.
Compiler: CMAKE_CXX_COMPILER-NOTFOUND 
Build flags: 
Id flags: --c++ 

The output was:
系统找不到指定的文件。


Compiling the CXX compiler identification source file "CMakeCXXCompilerId.cpp" failed.
Compiler: CMAKE_CXX_COMPILER-NOTFOUND 
Build flags: 
Id flags: --ec++ 

The output was:
系统找不到指定的文件。


Compiling the CXX compiler identification source file "CMakeCXXCompilerId.cpp" failed.
Compiler: CMAKE_CXX_COMPILER-NOTFOUND 
Build flags: 
Id flags: --target=arm-arm-none-eabi;-mcpu=cortex-m3 

The output was:
系统找不到指定的文件。


Compiling the CXX compiler identification source file "CMakeCXXCompilerId.cpp" failed.
Compiler: CMAKE_CXX_COMPILER-NOTFOUND 
Build flags: 
Id flags: -c;-I__does_not_exist__ 

The output was:
系统找不到指定的文件。


